10.4.4.132


Apt-key Test: success
Osh-repo Test: success

WARNING: apt does not have a stable CLI interface. Use with caution in scripts.

Reading package lists...
Building dependency tree...
Reading state information...
E: Unable to locate package linux-generic-hwe-18.04-edge
E: Couldn't find any package by glob 'linux-generic-hwe-18.04-edge'
E: Couldn't find any package by regex 'linux-generic-hwe-18.04-edge'
10.4.4.132


Apt-key Test: success
Osh-repo Test: success

WARNING: apt does not have a stable CLI interface. Use with caution in scripts.

Reading package lists...
Building dependency tree...
Reading state information...
E: Unable to locate package linux-generic-hwe-18.04-edge
E: Couldn't find any package by glob 'linux-generic-hwe-18.04-edge'
E: Couldn't find any package by regex 'linux-generic-hwe-18.04-edge'
10.4.4.132


Apt-key Test: success
Osh-repo Test: success

WARNING: apt does not have a stable CLI interface. Use with caution in scripts.

Reading package lists...
Building dependency tree...
Reading state information...
E: Unable to locate package linux-generic-hwe-18.04-edge
E: Couldn't find any package by glob 'linux-generic-hwe-18.04-edge'
E: Couldn't find any package by regex 'linux-generic-hwe-18.04-edge'
10.4.4.132


Apt-key Test: success
Osh-repo Test: success
dpkg: error processing archive http://10.14.7.200:31011/smallcloud2/master/kylin-image-4.4.131-20191129-generic_4.4.131-20191129.kylin_arm64.deb (--install):
 cannot access archive: No such file or directory
Errors were encountered while processing:
 http://10.14.7.200:31011/smallcloud2/master/kylin-image-4.4.131-20191129-generic_4.4.131-20191129.kylin_arm64.deb
10.4.4.132


Apt-key Test: success
Osh-repo Test: success
dpkg: error processing archive kylin-image-4.4.131-20191129-generic_4.4.131-20191129.kylin_arm64.deb (--install):
 cannot access archive: No such file or directory
Errors were encountered while processing:
 kylin-image-4.4.131-20191129-generic_4.4.131-20191129.kylin_arm64.deb
10.4.4.132


Apt-key Test: success
Osh-repo Test: success
--2021-02-01 07:42:48--  http://10.4.7.147:31011/smallcloud2/master/kylin-image-4.4.131-20191129-generic_4.4.131-20191129.kylin_arm64.deb
Connecting to 10.4.7.147:31011... connected.
HTTP request sent, awaiting response... 200 OK
Length: 27161520 (26M) [application/x-debian-package]
Saving to: ‘kylin-image-4.4.131-20191129-generic_4.4.131-20191129.kylin_arm64.deb.2’

     0K .......... .......... .......... .......... ..........  0% 87.7M 0s
    50K .......... .......... .......... .......... ..........  0% 82.4M 0s
   100K .......... .......... .......... .......... ..........  0%  121M 0s
   150K .......... .......... .......... .......... ..........  0%  101M 0s
   200K .......... .......... .......... .......... ..........  0%  131M 0s
   250K .......... .......... .......... .......... ..........  1% 95.2M 0s
   300K .......... .......... .......... .......... ..........  1%  126M 0s
   350K .......... .......... .......... .......... ..........  1%  128M 0s
   400K .......... .......... .......... .......... ..........  1%  101M 0s
   450K .......... .......... .......... .......... ..........  1% 97.2M 0s
   500K .......... .......... .......... .......... ..........  2%  128M 0s
   550K .......... .......... .......... .......... ..........  2%  124M 0s
   600K .......... .......... .......... .......... ..........  2% 90.5M 0s
   650K .......... .......... .......... .......... ..........  2%  103M 0s
   700K .......... .......... .......... .......... ..........  2%  155M 0s
   750K .......... .......... .......... .......... ..........  3%  118M 0s
   800K .......... .......... .......... .......... ..........  3% 93.0M 0s
   850K .......... .......... .......... .......... ..........  3%  129M 0s
   900K .......... .......... .......... .......... ..........  3%  112M 0s
   950K .......... .......... .......... .......... ..........  3% 92.7M 0s
  1000K .......... .......... .......... .......... ..........  3%  123M 0s
  1050K .......... .......... .......... .......... ..........  4%  133M 0s
  1100K .......... .......... .......... .......... ..........  4%  112M 0s
  1150K .......... .......... .......... .......... ..........  4%  103M 0s
  1200K .......... .......... .......... .......... ..........  4%  106M 0s
  1250K .......... .......... .......... .......... ..........  4%  135M 0s
  1300K .......... .......... .......... .......... ..........  5% 85.3M 0s
  1350K .......... .......... .......... .......... ..........  5%  127M 0s
  1400K .......... .......... .......... .......... ..........  5%  115M 0s
  1450K .......... .......... .......... .......... ..........  5%  123M 0s
  1500K .......... .......... .......... .......... ..........  5% 89.3M 0s
  1550K .......... .......... .......... .......... ..........  6%  125M 0s
  1600K .......... .......... .......... .......... ..........  6%  125M 0s
  1650K .......... .......... .......... .......... ..........  6%  123M 0s
  1700K .......... .......... .......... .......... ..........  6% 99.4M 0s
  1750K .......... .......... .......... .......... ..........  6%  118M 0s
  1800K .......... .......... .......... .......... ..........  6%  110M 0s
  1850K .......... .......... .......... .......... ..........  7% 99.5M 0s
  1900K .......... .......... .......... .......... ..........  7%  126M 0s
  1950K .......... .......... .......... .......... ..........  7%  118M 0s
  2000K .......... .......... .......... .......... ..........  7%  123M 0s
  2050K .......... .......... .......... .......... ..........  7% 86.2M 0s
  2100K .......... .......... .......... .......... ..........  8%  115M 0s
  2150K .......... .......... .......... .......... ..........  8%  132M 0s
  2200K .......... .......... .......... .......... ..........  8%  124M 0s
  2250K .......... .......... .......... .......... ..........  8%  112M 0s
  2300K .......... .......... .......... .......... ..........  8% 97.5M 0s
  2350K .......... .......... .......... .......... ..........  9%  115M 0s
  2400K .......... .......... .......... .......... ..........  9%  101M 0s
  2450K .......... .......... .......... .......... ..........  9%  121M 0s
  2500K .......... .......... .......... .......... ..........  9%  113M 0s
  2550K .......... .......... .......... .......... ..........  9%  116M 0s
  2600K .......... .......... .......... .......... ..........  9% 95.2M 0s
  2650K .......... .......... .......... .......... .......... 10%  124M 0s
  2700K .......... .......... .......... .......... .......... 10%  123M 0s
  2750K .......... .......... .......... .......... .......... 10%  118M 0s
  2800K .......... .......... .......... .......... .......... 10%  103M 0s
  2850K .......... .......... .......... .......... .......... 10%  107M 0s
  2900K .......... .......... .......... .......... .......... 11%  124M 0s
  2950K .......... .......... .......... .......... .......... 11%  122M 0s
  3000K .......... .......... .......... .......... .......... 11% 96.4M 0s
  3050K .......... .......... .......... .......... .......... 11%  114M 0s
  3100K .......... .......... .......... .......... .......... 11%  117M 0s
  3150K .......... .......... .......... .......... .......... 12% 94.3M 0s
  3200K .......... .......... .......... .......... .......... 12%  127M 0s
  3250K .......... .......... .......... .......... .......... 12%  116M 0s
  3300K .......... .......... .......... .......... .......... 12%  132M 0s
  3350K .......... .......... .......... .......... .......... 12% 90.0M 0s
  3400K .......... .......... .......... .......... .......... 13%  120M 0s
  3450K .......... .......... .......... .......... .......... 13%  120M 0s
  3500K .......... .......... .......... .......... .......... 13% 94.7M 0s
  3550K .......... .......... .......... .......... .......... 13%  123M 0s
  3600K .......... .......... .......... .......... .......... 13%  122M 0s
  3650K .......... .......... .......... .......... .......... 13%  120M 0s
  3700K .......... .......... .......... .......... .......... 14%  116M 0s
  3750K .......... .......... .......... .......... .......... 14% 98.8M 0s
  3800K .......... .......... .......... .......... .......... 14%  111M 0s
  3850K .......... .......... .......... .......... .......... 14%  132M 0s
  3900K .......... .......... .......... .......... .......... 14% 94.8M 0s
  3950K .......... .......... .......... .......... .......... 15%  116M 0s
  4000K .......... .......... .......... .......... .......... 15%  122M 0s
  4050K .......... .......... .......... .......... .......... 15%  115M 0s
  4100K .......... .......... .......... .......... .......... 15%  101M 0s
  4150K .......... .......... .......... .......... .......... 15%  113M 0s
  4200K .......... .......... .......... .......... .......... 16%  125M 0s
  4250K .......... .......... .......... .......... .......... 16% 94.8M 0s
  4300K .......... .......... .......... .......... .......... 16%  126M 0s
  4350K .......... .......... .......... .......... .......... 16%  118M 0s
  4400K .......... .......... .......... .......... .......... 16%  120M 0s
  4450K .......... .......... .......... .......... .......... 16% 93.3M 0s
  4500K .......... .......... .......... .......... .......... 17%  118M 0s
  4550K .......... .......... .......... .......... .......... 17%  119M 0s
  4600K .......... .......... .......... .......... .......... 17%  132M 0s
  4650K .......... .......... .......... .......... .......... 17% 93.3M 0s
  4700K .......... .......... .......... .......... .......... 17%  113M 0s
  4750K .......... .......... .......... .......... .......... 18%  126M 0s
  4800K .......... .......... .......... .......... .......... 18% 89.6M 0s
  4850K .......... .......... .......... .......... .......... 18%  126M 0s
  4900K .......... .......... .......... .......... .......... 18%  119M 0s
  4950K .......... .......... .......... .......... .......... 18%  111M 0s
  5000K .......... .......... .......... .......... .......... 19% 88.0M 0s
  5050K .......... .......... .......... .......... .......... 19%  166M 0s
  5100K .......... .......... .......... .......... .......... 19%  115M 0s
  5150K .......... .......... .......... .......... .......... 19% 96.2M 0s
  5200K .......... .......... .......... .......... .......... 19%  114M 0s
  5250K .......... .......... .......... .......... .......... 19%  133M 0s
  5300K .......... .......... .......... .......... .......... 20% 88.6M 0s
  5350K .......... .......... .......... .......... .......... 20%  128M 0s
  5400K .......... .......... .......... .......... .......... 20%  116M 0s
  5450K .......... .......... .......... .......... .......... 20%  124M 0s
  5500K .......... .......... .......... .......... .......... 20% 92.5M 0s
  5550K .......... .......... .......... .......... .......... 21%  126M 0s
  5600K .......... .......... .......... .......... .......... 21%  119M 0s
  5650K .......... .......... .......... .......... .......... 21%  117M 0s
  5700K .......... .......... .......... .......... .......... 21% 94.8M 0s
  5750K .......... .......... .......... .......... .......... 21%  119M 0s
  5800K .......... .......... .......... .......... .......... 22%  127M 0s
  5850K .......... .......... .......... .......... .......... 22%  117M 0s
  5900K .......... .......... .......... .......... .......... 22% 94.3M 0s
  5950K .......... .......... .......... .......... .......... 22%  118M 0s
  6000K .......... .......... .......... .......... .......... 22%  120M 0s
  6050K .......... .......... .......... .......... .......... 22% 93.3M 0s
  6100K .......... .......... .......... .......... .......... 23% 61.8M 0s
  6150K .......... .......... .......... .......... .......... 23%  222M 0s
  6200K .......... .......... .......... .......... .......... 23%  228M 0s
  6250K .......... .......... .......... .......... .......... 23%  117M 0s
  6300K .......... .......... .......... .......... .......... 23% 94.9M 0s
  6350K .......... .......... .......... .......... .......... 24%  118M 0s
  6400K .......... .......... .......... .......... .......... 24%  121M 0s
  6450K .......... .......... .......... .......... .......... 24% 92.0M 0s
  6500K .......... .......... .......... .......... .......... 24%  123M 0s
  6550K .......... .......... .......... .......... .......... 24%  121M 0s
  6600K .......... .......... .......... .......... .......... 25%  122M 0s
  6650K .......... .......... .......... .......... .......... 25% 92.2M 0s
  6700K .......... .......... .......... .......... .......... 25%  119M 0s
  6750K .......... .......... .......... .......... .......... 25%  127M 0s
  6800K .......... .......... .......... .......... .......... 25%  120M 0s
  6850K .......... .......... .......... .......... .......... 26% 93.0M 0s
  6900K .......... .......... .......... .......... .......... 26%  118M 0s
  6950K .......... .......... .......... .......... .......... 26%  117M 0s
  7000K .......... .......... .......... .......... .......... 26%  126M 0s
  7050K .......... .......... .......... .......... .......... 26% 96.2M 0s
  7100K .......... .......... .......... .......... .......... 26%  117M 0s
  7150K .......... .......... .......... .......... .......... 27%  122M 0s
  7200K .......... .......... .......... .......... .......... 27% 92.7M 0s
  7250K .......... .......... .......... .......... .......... 27% 4.69M 0s
  7300K .......... .......... .......... .......... .......... 27%  285M 0s
  7350K .......... .......... .......... .......... .......... 27%  294M 0s
  7400K .......... .......... .......... .......... .......... 28%  284M 0s
  7450K .......... .......... .......... .......... .......... 28%  264M 0s
  7500K .......... .......... .......... .......... .......... 28%  338M 0s
  7550K .......... .......... .......... .......... .......... 28%  314M 0s
  7600K .......... .......... .......... .......... .......... 28%  318M 0s
  7650K .......... .......... .......... .......... .......... 29%  271M 0s
  7700K .......... .......... .......... .......... .......... 29%  308M 0s
  7750K .......... .......... .......... .......... .......... 29%  299M 0s
  7800K .......... .......... .......... .......... .......... 29%  309M 0s
  7850K .......... .......... .......... .......... .......... 29%  182M 0s
  7900K .......... .......... .......... .......... .......... 29% 93.9M 0s
  7950K .......... .......... .......... .......... .......... 30%  117M 0s
  8000K .......... .......... .......... .......... .......... 30%  130M 0s
  8050K .......... .......... .......... .......... .......... 30%  120M 0s
  8100K .......... .......... .......... .......... .......... 30% 94.2M 0s
  8150K .......... .......... .......... .......... .......... 30%  115M 0s
  8200K .......... .......... .......... .......... .......... 31%  118M 0s
  8250K .......... .......... .......... .......... .......... 31%  132M 0s
  8300K .......... .......... .......... .......... .......... 31% 91.3M 0s
  8350K .......... .......... .......... .......... .......... 31%  116M 0s
  8400K .......... .......... .......... .......... .......... 31%  120M 0s
  8450K .......... .......... .......... .......... .......... 32% 92.7M 0s
  8500K .......... .......... .......... .......... .......... 32%  121M 0s
  8550K .......... .......... .......... .......... .......... 32%  125M 0s
  8600K .......... .......... .......... .......... .......... 32%  117M 0s
  8650K .......... .......... .......... .......... .......... 32% 94.9M 0s
  8700K .......... .......... .......... .......... .......... 32%  118M 0s
  8750K .......... .......... .......... .......... .......... 33%  124M 0s
  8800K .......... .......... .......... .......... .......... 33% 92.2M 0s
  8850K .......... .......... .......... .......... .......... 33%  114M 0s
  8900K .......... .......... .......... .......... .......... 33%  131M 0s
  8950K .......... .......... .......... .......... .......... 33%  121M 0s
  9000K .......... .......... .......... .......... .......... 34% 93.2M 0s
  9050K .......... .......... .......... .......... .......... 34%  124M 0s
  9100K .......... .......... .......... .......... .......... 34%  120M 0s
  9150K .......... .......... .......... .......... .......... 34%  119M 0s
  9200K .......... .......... .......... .......... .......... 34% 94.9M 0s
  9250K .......... .......... .......... .......... .......... 35%  117M 0s
  9300K .......... .......... .......... .......... .......... 35%  128M 0s
  9350K .......... .......... .......... .......... .......... 35% 90.3M 0s
  9400K .......... .......... .......... .......... .......... 35%  124M 0s
  9450K .......... .......... .......... .......... .......... 35%  119M 0s
  9500K .......... .......... .......... .......... .......... 36%  118M 0s
  9550K .......... .......... .......... .......... .......... 36% 93.6M 0s
  9600K .......... .......... .......... .......... .......... 36%  127M 0s
  9650K .......... .......... .......... .......... .......... 36%  113M 0s
  9700K .......... .......... .......... .......... .......... 36%  120M 0s
  9750K .......... .......... .......... .......... .......... 36%  100M 0s
  9800K .......... .......... .......... .......... .......... 37%  121M 0s
  9850K .......... .......... .......... .......... .......... 37%  113M 0s
  9900K .......... .......... .......... .......... .......... 37%  128M 0s
  9950K .......... .......... .......... .......... .......... 37% 95.8M 0s
 10000K .......... .......... .......... .......... .......... 37%  119M 0s
 10050K .......... .......... .......... .......... .......... 38%  113M 0s
 10100K .......... .......... .......... .......... .......... 38% 93.7M 0s
 10150K .......... .......... .......... .......... .......... 38%  135M 0s
 10200K .......... .......... .......... .......... .......... 38%  105M 0s
 10250K .......... .......... .......... .......... .......... 38%  122M 0s
 10300K .......... .......... .......... .......... .......... 39% 93.5M 0s
 10350K .......... .......... .......... .......... .......... 39%  124M 0s
 10400K .......... .......... .......... .......... .......... 39%  131M 0s
 10450K .......... .......... .......... .......... .......... 39%  108M 0s
 10500K .......... .......... .......... .......... .......... 39% 95.2M 0s
 10550K .......... .......... .......... .......... .......... 39%  124M 0s
 10600K .......... .......... .......... .......... .......... 40%  115M 0s
 10650K .......... .......... .......... .......... .......... 40% 92.8M 0s
 10700K .......... .......... .......... .......... .......... 40%  129M 0s
 10750K .......... .......... .......... .......... .......... 40%  123M 0s
 10800K .......... .......... .......... .......... .......... 40%  124M 0s
 10850K .......... .......... .......... .......... .......... 41% 91.9M 0s
 10900K .......... .......... .......... .......... .......... 41%  120M 0s
 10950K .......... .......... .......... .......... .......... 41%  124M 0s
 11000K .......... .......... .......... .......... .......... 41%  123M 0s
 11050K .......... .......... .......... .......... .......... 41% 87.8M 0s
 11100K .......... .......... .......... .......... .......... 42%  120M 0s
 11150K .......... .......... .......... .......... .......... 42%  125M 0s
 11200K .......... .......... .......... .......... .......... 42% 89.8M 0s
 11250K .......... .......... .......... .......... .......... 42%  127M 0s
 11300K .......... .......... .......... .......... .......... 42%  120M 0s
 11350K .......... .......... .......... .......... .......... 42%  122M 0s
 11400K .......... .......... .......... .......... .......... 43%  112M 0s
 11450K .......... .......... .......... .......... .......... 43% 95.2M 0s
 11500K .......... .......... .......... .......... .......... 43%  128M 0s
 11550K .......... .......... .......... .......... .......... 43%  122M 0s
 11600K .......... .......... .......... .......... .......... 43% 97.0M 0s
 11650K .......... .......... .......... .......... .......... 44%  111M 0s
 11700K .......... .......... .......... .......... .......... 44%  102M 0s
 11750K .......... .......... .......... .......... .......... 44%  106M 0s
 11800K .......... .......... .......... .......... .......... 44%  128M 0s
 11850K .......... .......... .......... .......... .......... 44%  108M 0s
 11900K .......... .......... .......... .......... .......... 45%  142M 0s
 11950K .......... .......... .......... .......... .......... 45% 89.6M 0s
 12000K .......... .......... .......... .......... .......... 45%  125M 0s
 12050K .......... .......... .......... .......... .......... 45%  128M 0s
 12100K .......... .......... .......... .......... .......... 45%  114M 0s
 12150K .......... .......... .......... .......... .......... 45% 92.1M 0s
 12200K .......... .......... .......... .......... .......... 46%  125M 0s
 12250K .......... .......... .......... .......... .......... 46%  118M 0s
 12300K .......... .......... .......... .......... .......... 46%  124M 0s
 12350K .......... .......... .......... .......... .......... 46% 85.3M 0s
 12400K .......... .......... .......... .......... .......... 46%  151M 0s
 12450K .......... .......... .......... .......... .......... 47%  117M 0s
 12500K .......... .......... .......... .......... .......... 47% 92.8M 0s
 12550K .......... .......... .......... .......... .......... 47%  119M 0s
 12600K .......... .......... .......... .......... .......... 47%  123M 0s
 12650K .......... .......... .......... .......... .......... 47%  119M 0s
 12700K .......... .......... .......... .......... .......... 48% 94.2M 0s
 12750K .......... .......... .......... .......... .......... 48%  118M 0s
 12800K .......... .......... .......... .......... .......... 48%  123M 0s
 12850K .......... .......... .......... .......... .......... 48% 88.4M 0s
 12900K .......... .......... .......... .......... .......... 48%  133M 0s
 12950K .......... .......... .......... .......... .......... 49%  117M 0s
 13000K .......... .......... .......... .......... .......... 49%  122M 0s
 13050K .......... .......... .......... .......... .......... 49% 96.4M 0s
 13100K .......... .......... .......... .......... .......... 49%  116M 0s
 13150K .......... .......... .......... .......... .......... 49%  124M 0s
 13200K .......... .......... .......... .......... .......... 49%  114M 0s
 13250K .......... .......... .......... .......... .......... 50%  100M 0s
 13300K .......... .......... .......... .......... .......... 50%  107M 0s
 13350K .......... .......... .......... .......... .......... 50% 63.3M 0s
 13400K .......... .......... .......... .......... .......... 50%  245M 0s
 13450K .......... .......... .......... .......... .......... 50%  127M 0s
 13500K .......... .......... .......... .......... .......... 51%  128M 0s
 13550K .......... .......... .......... .......... .......... 51%  124M 0s
 13600K .......... .......... .......... .......... .......... 51%  117M 0s
 13650K .......... .......... .......... .......... .......... 51% 90.8M 0s
 13700K .......... .......... .......... .......... .......... 51%  120M 0s
 13750K .......... .......... .......... .......... .......... 52%  126M 0s
 13800K .......... .......... .......... .......... .......... 52%  127M 0s
 13850K .......... .......... .......... .......... .......... 52% 93.4M 0s
 13900K .......... .......... .......... .......... .......... 52%  125M 0s
 13950K .......... .......... .......... .......... .......... 52%  113M 0s
 14000K .......... .......... .......... .......... .......... 52% 90.5M 0s
 14050K .......... .......... .......... .......... .......... 53%  132M 0s
 14100K .......... .......... .......... .......... .......... 53%  110M 0s
 14150K .......... .......... .......... .......... .......... 53%  129M 0s
 14200K .......... .......... .......... .......... .......... 53% 93.0M 0s
 14250K .......... .......... .......... .......... .......... 53%  119M 0s
 14300K .......... .......... .......... .......... .......... 54%  124M 0s
 14350K .......... .......... .......... .......... .......... 54%  132M 0s
 14400K .......... .......... .......... .......... .......... 54% 88.5M 0s
 14450K .......... .......... .......... .......... .......... 54%  119M 0s
 14500K .......... .......... .......... .......... .......... 54%  114M 0s
 14550K .......... .......... .......... .......... .......... 55% 99.9M 0s
 14600K .......... .......... .......... .......... .......... 55%  129M 0s
 14650K .......... .......... .......... .......... .......... 55%  119M 0s
 14700K .......... .......... .......... .......... .......... 55%  109M 0s
 14750K .......... .......... .......... .......... .......... 55% 92.3M 0s
 14800K .......... .......... .......... .......... .......... 55%  122M 0s
 14850K .......... .......... .......... .......... .......... 56%  129M 0s
 14900K .......... .......... .......... .......... .......... 56%  127M 0s
 14950K .......... .......... .......... .......... .......... 56% 89.4M 0s
 15000K .......... .......... .......... .......... .......... 56%  116M 0s
 15050K .......... .......... .......... .......... .......... 56%  116M 0s
 15100K .......... .......... .......... .......... .......... 57%  103M 0s
 15150K .......... .......... .......... .......... .......... 57%  118M 0s
 15200K .......... .......... .......... .......... .......... 57%  114M 0s
 15250K .......... .......... .......... .......... .......... 57%  125M 0s
 15300K .......... .......... .......... .......... .......... 57% 93.5M 0s
 15350K .......... .......... .......... .......... .......... 58%  119M 0s
 15400K .......... .......... .......... .......... .......... 58%  121M 0s
 15450K .......... .......... .......... .......... .......... 58%  116M 0s
 15500K .......... .......... .......... .......... .......... 58%  103M 0s
 15550K .......... .......... .......... .......... .......... 58%  116M 0s
 15600K .......... .......... .......... .......... .......... 59%  118M 0s
 15650K .......... .......... .......... .......... .......... 59% 94.4M 0s
 15700K .......... .......... .......... .......... .......... 59%  124M 0s
 15750K .......... .......... .......... .......... .......... 59%  120M 0s
 15800K .......... .......... .......... .......... .......... 59%  112M 0s
 15850K .......... .......... .......... .......... .......... 59% 96.8M 0s
 15900K .......... .......... .......... .......... .......... 60%  113M 0s
 15950K .......... .......... .......... .......... .......... 60%  128M 0s
 16000K .......... .......... .......... .......... .......... 60%  120M 0s
 16050K .......... .......... .......... .......... .......... 60% 92.7M 0s
 16100K .......... .......... .......... .......... .......... 60%  118M 0s
 16150K .......... .......... .......... .......... .......... 61%  120M 0s
 16200K .......... .......... .......... .......... .......... 61% 97.2M 0s
 16250K .......... .......... .......... .......... .......... 61%  159M 0s
 16300K .......... .......... .......... .......... .......... 61% 95.7M 0s
 16350K .......... .......... .......... .......... .......... 61%  118M 0s
 16400K .......... .......... .......... .......... .......... 62% 93.9M 0s
 16450K .......... .......... .......... .......... .......... 62%  157M 0s
 16500K .......... .......... .......... .......... .......... 62%  101M 0s
 16550K .......... .......... .......... .......... .......... 62%  120M 0s
 16600K .......... .......... .......... .......... .......... 62% 96.4M 0s
 16650K .......... .......... .......... .......... .......... 62%  113M 0s
 16700K .......... .......... .......... .......... .......... 63%  136M 0s
 16750K .......... .......... .......... .......... .......... 63%  127M 0s
 16800K .......... .......... .......... .......... .......... 63% 91.8M 0s
 16850K .......... .......... .......... .......... .......... 63%  108M 0s
 16900K .......... .......... .......... .......... .......... 63%  127M 0s
 16950K .......... .......... .......... .......... .......... 64% 88.7M 0s
 17000K .......... .......... .......... .......... .......... 64%  119M 0s
 17050K .......... .......... .......... .......... .......... 64%  124M 0s
 17100K .......... .......... .......... .......... .......... 64%  128M 0s
 17150K .......... .......... .......... .......... .......... 64% 89.4M 0s
 17200K .......... .......... .......... .......... .......... 65%  136M 0s
 17250K .......... .......... .......... .......... .......... 65%  106M 0s
 17300K .......... .......... .......... .......... .......... 65%  134M 0s
 17350K .......... .......... .......... .......... .......... 65% 92.1M 0s
 17400K .......... .......... .......... .......... .......... 65%  116M 0s
 17450K .......... .......... .......... .......... .......... 65%  134M 0s
 17500K .......... .......... .......... .......... .......... 66% 92.9M 0s
 17550K .......... .......... .......... .......... .......... 66%  128M 0s
 17600K .......... .......... .......... .......... .......... 66%  118M 0s
 17650K .......... .......... .......... .......... .......... 66%  113M 0s
 17700K .......... .......... .......... .......... .......... 66% 92.3M 0s
 17750K .......... .......... .......... .......... .......... 67%  119M 0s
 17800K .......... .......... .......... .......... .......... 67%  116M 0s
 17850K .......... .......... .......... .......... .......... 67%  134M 0s
 17900K .......... .......... .......... .......... .......... 67% 88.1M 0s
 17950K .......... .......... .......... .......... .......... 67%  121M 0s
 18000K .......... .......... .......... .......... .......... 68%  119M 0s
 18050K .......... .......... .......... .......... .......... 68% 93.3M 0s
 18100K .......... .......... .......... .......... .......... 68%  127M 0s
 18150K .......... .......... .......... .......... .......... 68%  107M 0s
 18200K .......... .......... .......... .......... .......... 68%  140M 0s
 18250K .......... .......... .......... .......... .......... 68% 90.7M 0s
 18300K .......... .......... .......... .......... .......... 69%  120M 0s
 18350K .......... .......... .......... .......... .......... 69%  127M 0s
 18400K .......... .......... .......... .......... .......... 69%  123M 0s
 18450K .......... .......... .......... .......... .......... 69% 91.0M 0s
 18500K .......... .......... .......... .......... .......... 69%  125M 0s
 18550K .......... .......... .......... .......... .......... 70%  115M 0s
 18600K .......... .......... .......... .......... .......... 70%  120M 0s
 18650K .......... .......... .......... .......... .......... 70%  103M 0s
 18700K .......... .......... .......... .......... .......... 70%  120M 0s
 18750K .......... .......... .......... .......... .......... 70%  120M 0s
 18800K .......... .......... .......... .......... .......... 71% 92.1M 0s
 18850K .......... .......... .......... .......... .......... 71%  119M 0s
 18900K .......... .......... .......... .......... .......... 71%  116M 0s
 18950K .......... .......... .......... .......... .......... 71%  121M 0s
 19000K .......... .......... .......... .......... .......... 71% 98.3M 0s
 19050K .......... .......... .......... .......... .......... 72%  109M 0s
 19100K .......... .......... .......... .......... .......... 72%  124M 0s
 19150K .......... .......... .......... .......... .......... 72% 99.5M 0s
 19200K .......... .......... .......... .......... .......... 72%  119M 0s
 19250K .......... .......... .......... .......... .......... 72%  119M 0s
 19300K .......... .......... .......... .......... .......... 72%  119M 0s
 19350K .......... .......... .......... .......... .......... 73% 90.3M 0s
 19400K .......... .......... .......... .......... .......... 73%  132M 0s
 19450K .......... .......... .......... .......... .......... 73%  119M 0s
 19500K .......... .......... .......... .......... .......... 73%  121M 0s
 19550K .......... .......... .......... .......... .......... 73%  107M 0s
 19600K .......... .......... .......... .......... .......... 74%  102M 0s
 19650K .......... .......... .......... .......... .......... 74%  126M 0s
 19700K .......... .......... .......... .......... .......... 74% 90.8M 0s
 19750K .......... .......... .......... .......... .......... 74%  133M 0s
 19800K .......... .......... .......... .......... .......... 74%  115M 0s
 19850K .......... .......... .......... .......... .......... 75%  120M 0s
 19900K .......... .......... .......... .......... .......... 75% 92.8M 0s
 19950K .......... .......... .......... .......... .......... 75%  110M 0s
 20000K .......... .......... .......... .......... .......... 75%  137M 0s
 20050K .......... .......... .......... .......... .......... 75%  112M 0s
 20100K .......... .......... .......... .......... .......... 75% 96.5M 0s
 20150K .......... .......... .......... .......... .......... 76%  119M 0s
 20200K .......... .......... .......... .......... .......... 76%  107M 0s
 20250K .......... .......... .......... .......... .......... 76%  103M 0s
 20300K .......... .......... .......... .......... .......... 76%  127M 0s
 20350K .......... .......... .......... .......... .......... 76%  113M 0s
 20400K .......... .......... .......... .......... .......... 77%  120M 0s
 20450K .......... .......... .......... .......... .......... 77% 96.5M 0s
 20500K .......... .......... .......... .......... .......... 77%  117M 0s
 20550K .......... .......... .......... .......... .......... 77%  122M 0s
 20600K .......... .......... .......... .......... .......... 77%  120M 0s
 20650K .......... .......... .......... .......... .......... 78% 97.0M 0s
 20700K .......... .......... .......... .......... .......... 78%  123M 0s
 20750K .......... .......... .......... .......... .......... 78%  111M 0s
 20800K .......... .......... .......... .......... .......... 78% 96.9M 0s
 20850K .......... .......... .......... .......... .......... 78%  127M 0s
 20900K .......... .......... .......... .......... .......... 78%  127M 0s
 20950K .......... .......... .......... .......... .......... 79%  105M 0s
 21000K .......... .......... .......... .......... .......... 79% 96.0M 0s
 21050K .......... .......... .......... .......... .......... 79%  123M 0s
 21100K .......... .......... .......... .......... .......... 79%  120M 0s
 21150K .......... .......... .......... .......... .......... 79%  118M 0s
 21200K .......... .......... .......... .......... .......... 80% 98.5M 0s
 21250K .......... .......... .......... .......... .......... 80%  114M 0s
 21300K .......... .......... .......... .......... .......... 80%  119M 0s
 21350K .......... .......... .......... .......... .......... 80%  116M 0s
 21400K .......... .......... .......... .......... .......... 80% 58.2M 0s
 21450K .......... .......... .......... .......... .......... 81%  264M 0s
 21500K .......... .......... .......... .......... .......... 81%  141M 0s
 21550K .......... .......... .......... .......... .......... 81%  134M 0s
 21600K .......... .......... .......... .......... .......... 81%  118M 0s
 21650K .......... .......... .......... .......... .......... 81% 92.6M 0s
 21700K .......... .......... .......... .......... .......... 81%  123M 0s
 21750K .......... .......... .......... .......... .......... 82%  115M 0s
 21800K .......... .......... .......... .......... .......... 82% 93.1M 0s
 21850K .......... .......... .......... .......... .......... 82%  121M 0s
 21900K .......... .......... .......... .......... .......... 82%  133M 0s
 21950K .......... .......... .......... .......... .......... 82%  119M 0s
 22000K .......... .......... .......... .......... .......... 83% 92.6M 0s
 22050K .......... .......... .......... .......... .......... 83%  129M 0s
 22100K .......... .......... .......... .......... .......... 83%  105M 0s
 22150K .......... .......... .......... .......... .......... 83%  136M 0s
 22200K .......... .......... .......... .......... .......... 83% 89.0M 0s
 22250K .......... .......... .......... .......... .......... 84%  116M 0s
 22300K .......... .......... .......... .......... .......... 84%  114M 0s
 22350K .......... .......... .......... .......... .......... 84%  135M 0s
 22400K .......... .......... .......... .......... .......... 84%  102M 0s
 22450K .......... .......... .......... .......... .......... 84%  117M 0s
 22500K .......... .......... .......... .......... .......... 85%  113M 0s
 22550K .......... .......... .......... .......... .......... 85% 89.7M 0s
 22600K .......... .......... .......... .......... .......... 85%  128M 0s
 22650K .......... .......... .......... .......... .......... 85%  119M 0s
 22700K .......... .......... .......... .......... .......... 85%  120M 0s
 22750K .......... .......... .......... .......... .......... 85% 92.8M 0s
 22800K .......... .......... .......... .......... .......... 86%  127M 0s
 22850K .......... .......... .......... .......... .......... 86%  120M 0s
 22900K .......... .......... .......... .......... .......... 86%  119M 0s
 22950K .......... .......... .......... .......... .......... 86% 92.6M 0s
 23000K .......... .......... .......... .......... .......... 86%  129M 0s
 23050K .......... .......... .......... .......... .......... 87%  111M 0s
 23100K .......... .......... .......... .......... .......... 87% 94.2M 0s
 23150K .......... .......... .......... .......... .......... 87%  140M 0s
 23200K .......... .......... .......... .......... .......... 87%  116M 0s
 23250K .......... .......... .......... .......... .......... 87%  110M 0s
 23300K .......... .......... .......... .......... .......... 88% 94.3M 0s
 23350K .......... .......... .......... .......... .......... 88%  120M 0s
 23400K .......... .......... .......... .......... .......... 88%  126M 0s
 23450K .......... .......... .......... .......... .......... 88%  132M 0s
 23500K .......... .......... .......... .......... .......... 88% 93.8M 0s
 23550K .......... .......... .......... .......... .......... 88%  107M 0s
 23600K .......... .......... .......... .......... .......... 89%  128M 0s
 23650K .......... .......... .......... .......... .......... 89% 62.3M 0s
 23700K .......... .......... .......... .......... .......... 89%  273M 0s
 23750K .......... .......... .......... .......... .......... 89%  112M 0s
 23800K .......... .......... .......... .......... .......... 89%  120M 0s
 23850K .......... .......... .......... .......... .......... 90%  134M 0s
 23900K .......... .......... .......... .......... .......... 90%  118M 0s
 23950K .......... .......... .......... .......... .......... 90% 93.2M 0s
 24000K .......... .......... .......... .......... .......... 90%  117M 0s
 24050K .......... .......... .......... .......... .......... 90%  130M 0s
 24100K .......... .......... .......... .......... .......... 91%  119M 0s
 24150K .......... .......... .......... .......... .......... 91% 93.1M 0s
 24200K .......... .......... .......... .......... .......... 91%  108M 0s
 24250K .......... .......... .......... .......... .......... 91%  119M 0s
 24300K .......... .......... .......... .......... .......... 91% 97.3M 0s
 24350K .......... .......... .......... .......... .......... 91%  120M 0s
 24400K .......... .......... .......... .......... .......... 92%  119M 0s
 24450K .......... .......... .......... .......... .......... 92%  121M 0s
 24500K .......... .......... .......... .......... .......... 92% 92.5M 0s
 24550K .......... .......... .......... .......... .......... 92%  122M 0s
 24600K .......... .......... .......... .......... .......... 92%  122M 0s
 24650K .......... .......... .......... .......... .......... 93%  130M 0s
 24700K .......... .......... .......... .......... .......... 93% 88.9M 0s
 24750K .......... .......... .......... .......... .......... 93%  119M 0s
 24800K .......... .......... .......... .......... .......... 93% 71.1M 0s
 24850K .......... .......... .......... .......... .......... 93%  317M 0s
 24900K .......... .......... .......... .......... .......... 94%  118M 0s
 24950K .......... .......... .......... .......... .......... 94%  121M 0s
 25000K .......... .......... .......... .......... .......... 94% 92.8M 0s
 25050K .......... .......... .......... .......... .......... 94%  114M 0s
 25100K .......... .......... .......... .......... .......... 94%  118M 0s
 25150K .......... .......... .......... .......... .......... 95%  135M 0s
 25200K .......... .......... .......... .......... .......... 95% 85.5M 0s
 25250K .......... .......... .......... .......... .......... 95%  119M 0s
 25300K .......... .......... .......... .......... .......... 95%  127M 0s
 25350K .......... .......... .......... .......... .......... 95%  107M 0s
 25400K .......... .......... .......... .......... .......... 95%  108M 0s
 25450K .......... .......... .......... .......... .......... 96%  120M 0s
 25500K .......... .......... .......... .......... .......... 96%  118M 0s
 25550K .......... .......... .......... .......... .......... 96% 92.0M 0s
 25600K .......... .......... .......... .......... .......... 96%  122M 0s
 25650K .......... .......... .......... .......... .......... 96%  120M 0s
 25700K .......... .......... .......... .......... .......... 97%  118M 0s
 25750K .......... .......... .......... .......... .......... 97% 93.7M 0s
 25800K .......... .......... .......... .......... .......... 97%  118M 0s
 25850K .......... .......... .......... .......... .......... 97%  114M 0s
 25900K .......... .......... .......... .......... .......... 97%  142M 0s
 25950K .......... .......... .......... .......... .......... 98% 89.9M 0s
 26000K .......... .......... .......... .......... .......... 98%  118M 0s
 26050K .......... .......... .......... .......... .......... 98%  135M 0s
 26100K .......... .......... .......... .......... .......... 98% 85.6M 0s
 26150K .......... .......... .......... .......... .......... 98%  127M 0s
 26200K .......... .......... .......... .......... .......... 98%  116M 0s
 26250K .......... .......... .......... .......... .......... 99%  139M 0s
 26300K .......... .......... .......... .......... .......... 99%  108M 0s
 26350K .......... .......... .......... .......... .......... 99% 91.5M 0s
 26400K .......... .......... .......... .......... .......... 99%  143M 0s
 26450K .......... .......... .......... .......... .......... 99%  110M 0s
 26500K .......... .......... ....                            100% 50.1M=0.2s

2021-02-01 07:42:48 (108 MB/s) - ‘kylin-image-4.4.131-20191129-generic_4.4.131-20191129.kylin_arm64.deb.2’ saved [27161520/27161520]

Selecting previously unselected package kylin-image-4.4.131-20191129-generic.
(Reading database ... 47075 files and directories currently installed.)
Preparing to unpack kylin-image-4.4.131-20191129-generic_4.4.131-20191129.kylin_arm64.deb ...
debconf: unable to initialize frontend: Dialog
debconf: (TERM is not set, so the dialog frontend is not usable.)
debconf: falling back to frontend: Readline
debconf: unable to initialize frontend: Readline
debconf: (This frontend requires a controlling tty.)
debconf: falling back to frontend: Teletype
Done.
Unpacking kylin-image-4.4.131-20191129-generic (4.4.131-20191129.kylin) ...
Setting up kylin-image-4.4.131-20191129-generic (4.4.131-20191129.kylin) ...
Running depmod.
update-initramfs: Generating /boot/initrd.img-4.4.131-20191129.kylin.server-generic
Examining /etc/kernel/postinst.d.
run-parts: executing /etc/kernel/postinst.d/apt-auto-removal 4.4.131-20191129.kylin.server-generic /boot/uImage-4.4.131-20191129.kylin.server-generic
run-parts: executing /etc/kernel/postinst.d/initramfs-tools 4.4.131-20191129.kylin.server-generic /boot/uImage-4.4.131-20191129.kylin.server-generic
update-initramfs: Generating /boot/initrd.img-4.4.131-20191129.kylin.server-generic
run-parts: executing /etc/kernel/postinst.d/zz-update-grub 4.4.131-20191129.kylin.server-generic /boot/uImage-4.4.131-20191129.kylin.server-generic
Generating grub configuration file ...
Found linux image: /boot/uImage-ft2000plus
Found initrd image: /boot/initramfs.img
done
10.4.4.132


Apt-key Test: success
Osh-repo Test: success
